<?xml version="1.0" encoding="UTF-8"?>
<!-- Generated by org.testng.reporters.JUnitXMLReporter -->
<testsuite ignored="0" hostname="Home-Laptop" failures="0" tests="10" name="Default test" time="68.335" errors="0" timestamp="2021-09-27T17:36:33 IST">
  <testcase classname="com.mindtree.runner.runner" name="signup" time="14.276"/>
  <testcase classname="com.mindtree.runner.runner" name="detailsupdate" time="7.771"/>
  <testcase classname="com.mindtree.runner.runner" name="store" time="8.996"/>
  <testcase classname="com.mindtree.runner.runner" name="cusStories" time="5.456"/>
  <testcase classname="com.mindtree.runner.runner" name="abtcompany" time="1.817"/>
  <testcase classname="com.mindtree.runner.runner" name="search" time="5.079"/>
  <testcase classname="com.mindtree.runner.runner" name="addcart" time="6.617"/>
  <testcase classname="com.mindtree.runner.runner" name="EMI" time="5.333"/>
  <testcase classname="com.mindtree.runner.runner" name="giveaway" time="1.734"/>
  <testcase classname="com.mindtree.runner.runner" name="logout" time="4.085"/>
</testsuite> <!-- Default test -->
