<?xml version="1.0" encoding="UTF-8"?>
<!-- Generated by org.testng.reporters.JUnitXMLReporter -->
<testsuite ignored="0" hostname="DESKTOP-S0SN7M6" failures="0" tests="10" name="Default test" time="75.61" errors="0" timestamp="2021-09-30T07:05:30 IST">
  <testcase classname="com.mindtree.runner.runner" name="signup" time="13.242"/>
  <testcase classname="com.mindtree.runner.runner" name="detailsupdate" time="15.336"/>
  <testcase classname="com.mindtree.runner.runner" name="store" time="8.944"/>
  <testcase classname="com.mindtree.runner.runner" name="cusStories" time="2.932"/>
  <testcase classname="com.mindtree.runner.runner" name="abtcompany" time="1.666"/>
  <testcase classname="com.mindtree.runner.runner" name="search" time="3.531"/>
  <testcase classname="com.mindtree.runner.runner" name="addcart" time="7.555"/>
  <testcase classname="com.mindtree.runner.runner" name="EMI" time="3.519"/>
  <testcase classname="com.mindtree.runner.runner" name="giveaway" time="1.329"/>
  <testcase classname="com.mindtree.runner.runner" name="logout" time="2.654"/>
</testsuite> <!-- Default test -->
